<?xml version="1.0" encoding="UTF-8"?>
<!-- Generated by org.testng.reporters.JUnitReportReporter -->
<testsuite hostname="Automation11" failures="0" tests="2" name="OrangeHRM_Admin_AddUser" time="14.369" errors="0" timestamp="2022-02-21T16:03:12 GMT+05:30" skipped="0">
  <testcase classname="OrangeHRM_Admin_AddUser" name="Login_Validation" time="9.297"/>
  <system-out/>
  <testcase classname="OrangeHRM_Admin_AddUser" name="Adduser" time="5.072"/>
  <system-out/>
</testsuite> <!-- OrangeHRM_Admin_AddUser -->
