<?xml version="1.0" encoding="UTF-8"?>
<!-- Generated by org.testng.reporters.JUnitReportReporter -->
<testsuite hostname="Automation11" failures="0" tests="3" name="OrangeHRM_Delete_VerifyUser" time="26.762" errors="0" timestamp="2022-02-22T14:54:22 GMT+05:30" skipped="0">
  <testcase classname="OrangeHRM_Delete_VerifyUser" name="Sign_On" time="4.446"/>
  <system-out/>
  <testcase classname="OrangeHRM_Delete_VerifyUser" name="AddUsers_Page" time="2.707"/>
  <system-out/>
  <testcase classname="OrangeHRM_Delete_VerifyUser" name="VerifyDeletedUser" time="19.609"/>
  <system-out/>
</testsuite> <!-- OrangeHRM_Delete_VerifyUser -->
