<?xml version="1.0" encoding="UTF-8"?>
<!-- Generated by org.testng.reporters.JUnitReportReporter -->
<testsuite hostname="Automation11" failures="0" tests="2" name="pk_OrangeHRM.ExtentReport_example" time="19.237" errors="0" timestamp="2022-02-24T17:21:19 GMT+05:30" skipped="0">
  <testcase classname="pk_OrangeHRM.ExtentReport_example" name="LaunchApplication" time="3.962"/>
  <system-out/>
  <testcase classname="pk_OrangeHRM.ExtentReport_example" name="Sign_On" time="15.275"/>
  <system-out/>
</testsuite> <!-- pk_OrangeHRM.ExtentReport_example -->
