<?xml version="1.0" encoding="UTF-8"?>
<!-- Generated by org.testng.reporters.JUnitReportReporter -->
<testsuite hostname="Automation11" failures="0" tests="5" name="OrangeHRM_Login_All_Scenarios" time="18.002" errors="0" timestamp="2022-02-21T15:36:34 GMT+05:30" skipped="0">
  <testcase classname="OrangeHRM_Login_All_Scenarios" name="Login_Validation" time="4.422"/>
  <system-out/>
  <testcase classname="OrangeHRM_Login_All_Scenarios" name="Login_Validation" time="1.919"/>
  <system-out/>
  <testcase classname="OrangeHRM_Login_All_Scenarios" name="Login_Validation" time="2.001"/>
  <system-out/>
  <testcase classname="OrangeHRM_Login_All_Scenarios" name="Login_Validation" time="0.612"/>
  <system-out/>
  <testcase classname="OrangeHRM_Login_All_Scenarios" name="Login_Validation" time="9.048"/>
  <system-out/>
</testsuite> <!-- OrangeHRM_Login_All_Scenarios -->
