<?xml version="1.0" encoding="UTF-8"?>
<!-- Generated by org.testng.reporters.JUnitReportReporter -->
<testsuite hostname="Automation11" failures="0" tests="3" name="OrangeHRM_VerifyUser" time="14.523" errors="0" timestamp="2022-02-22T14:09:35 GMT+05:30" skipped="0">
  <testcase classname="OrangeHRM_VerifyUser" name="Sign_On" time="4.559"/>
  <system-out/>
  <testcase classname="OrangeHRM_VerifyUser" name="AddUsers_Page" time="2.655"/>
  <system-out/>
  <testcase classname="OrangeHRM_VerifyUser" name="VerifyAddedUser" time="7.309"/>
  <system-out/>
</testsuite> <!-- OrangeHRM_VerifyUser -->
