<?xml version="1.0" encoding="UTF-8"?>
<!-- Generated by org.testng.reporters.JUnitReportReporter -->
<testsuite hostname="Automation11" failures="0" tests="1" name="pk_OrangeHRM.WebOrders_ReadDatafromDB_from_Baseclass" time="25.405" errors="0" timestamp="2022-02-23T17:33:59 GMT+05:30" skipped="0">
  <testcase classname="pk_OrangeHRM.WebOrders_ReadDatafromDB_from_Baseclass" name="ConnectSQLDB_With_LoginApp" time="25.405"/>
  <system-out/>
</testsuite> <!-- pk_OrangeHRM.WebOrders_ReadDatafromDB_from_Baseclass -->
