<?xml version="1.0" encoding="UTF-8"?>
<!-- Generated by org.testng.reporters.JUnitReportReporter -->
<testsuite hostname="Automation11" failures="0" tests="1" name="pk_OrangeHRM.ConnectDB_webOrder" time="21.880" errors="0" timestamp="2022-02-23T17:10:28 GMT+05:30" skipped="0">
  <testcase classname="pk_OrangeHRM.ConnectDB_webOrder" name="ConnectMySQLDB" time="21.880"/>
  <system-out/>
</testsuite> <!-- pk_OrangeHRM.ConnectDB_webOrder -->
